<?xml version="1.0" encoding="UTF-8"?>
<testng-results ignored="0" total="2" passed="2" failed="0" skipped="0">
  <reporter-output>
  </reporter-output>
  <suite started-at="2022-07-19T17:09:20 WAT" name="Herokuapp-Test" finished-at="2022-07-19T17:10:13 WAT" duration-ms="53144">
    <groups>
    </groups>
    <test started-at="2022-07-19T17:09:20 WAT" name="Login" finished-at="2022-07-19T17:10:13 WAT" duration-ms="53144">
      <class name="herokuapp.testcase.ValidLoginTest">
        <test-method is-config="true" signature="setUp()[pri:0, instance:herokuapp.testcase.ValidLoginTest@13c10b87]" started-at="2022-07-19T17:09:20 WAT" name="setUp" finished-at="2022-07-19T17:09:38 WAT" duration-ms="18087" status="PASS">
          <reporter-output>
          </reporter-output>
        </test-method> <!-- setUp -->
        <test-method signature="ValidloginTest()[pri:0, instance:herokuapp.testcase.ValidLoginTest@13c10b87]" started-at="2022-07-19T17:09:38 WAT" name="ValidloginTest" description="Valid Login test with valid login credentials" finished-at="2022-07-19T17:09:48 WAT" duration-ms="9759" status="PASS">
          <reporter-output>
          </reporter-output>
        </test-method> <!-- ValidloginTest -->
        <test-method is-config="true" signature="tearDown()[pri:0, instance:herokuapp.testcase.ValidLoginTest@13c10b87]" started-at="2022-07-19T17:09:48 WAT" name="tearDown" finished-at="2022-07-19T17:09:48 WAT" duration-ms="101" status="PASS">
          <reporter-output>
          </reporter-output>
        </test-method> <!-- tearDown -->
      </class> <!-- herokuapp.testcase.ValidLoginTest -->
      <class name="herokuapp.testcase.InvalidLoginTest">
        <test-method is-config="true" signature="setUp()[pri:0, instance:herokuapp.testcase.InvalidLoginTest@4c15e7fd]" started-at="2022-07-19T17:09:48 WAT" name="setUp" finished-at="2022-07-19T17:10:06 WAT" duration-ms="17831" status="PASS">
          <reporter-output>
          </reporter-output>
        </test-method> <!-- setUp -->
        <test-method signature="ValidloginTest()[pri:0, instance:herokuapp.testcase.InvalidLoginTest@4c15e7fd]" started-at="2022-07-19T17:10:06 WAT" name="ValidloginTest" description="Valid Login test with valid login credentials" finished-at="2022-07-19T17:10:13 WAT" duration-ms="7216" status="PASS">
          <reporter-output>
          </reporter-output>
        </test-method> <!-- ValidloginTest -->
        <test-method is-config="true" signature="tearDown()[pri:0, instance:herokuapp.testcase.InvalidLoginTest@4c15e7fd]" started-at="2022-07-19T17:10:13 WAT" name="tearDown" finished-at="2022-07-19T17:10:13 WAT" duration-ms="78" status="PASS">
          <reporter-output>
          </reporter-output>
        </test-method> <!-- tearDown -->
      </class> <!-- herokuapp.testcase.InvalidLoginTest -->
    </test> <!-- Login -->
  </suite> <!-- Herokuapp-Test -->
</testng-results>
